GET--/api/blog/detail?id=6--Mozilla/5.0 (Windows NT 6.1; Win64; x64) AppleWebKit/537.36 (KHTML, like Gecko) Chrome/77.0.3865.120 Safari/537.36--Mon, 21 Oct 2019 09:46:28 GMT
GET--/api/blog/detail?id=6--Mozilla/5.0 (Windows NT 6.1; Win64; x64) AppleWebKit/537.36 (KHTML, like Gecko) Chrome/77.0.3865.120 Safari/537.36--Mon, 21 Oct 2019 09:46:43 GMT
GET--/api/blog/detail?id=6--Mozilla/5.0 (Windows NT 6.1; Win64; x64) AppleWebKit/537.36 (KHTML, like Gecko) Chrome/77.0.3865.120 Safari/537.36--Mon, 21 Oct 2019 09:46:52 GMT
GET--/api/blog/detail?id=6--Mozilla/5.0 (Windows NT 6.1; Win64; x64) AppleWebKit/537.36 (KHTML, like Gecko) Chrome/77.0.3865.120 Safari/537.36--Mon, 21 Oct 2019 09:46:53 GMT
GET--/api/blog/detail?id=6--Mozilla/5.0 (Windows NT 6.1; Win64; x64) AppleWebKit/537.36 (KHTML, like Gecko) Chrome/77.0.3865.120 Safari/537.36--Mon, 21 Oct 2019 09:46:55 GMT
GET--/api/blog/detail?id=6--Mozilla/5.0 (Windows NT 6.1; Win64; x64; rv:69.0) Gecko/20100101 Firefox/69.0--Mon, 21 Oct 2019 09:47:50 GMT
GET--/api/blog/list--Mozilla/5.0 (Windows NT 6.1; Win64; x64; rv:69.0) Gecko/20100101 Firefox/69.0--Mon, 21 Oct 2019 09:48:10 GMT
GET--/api/blog/list--Mozilla/5.0 (Windows NT 6.1; Win64; x64; rv:69.0) Gecko/20100101 Firefox/69.0--Mon, 21 Oct 2019 09:48:13 GMT
GET--/api/blog/detail?id=12--Mozilla/5.0 (Windows NT 6.1; Win64; x64; rv:69.0) Gecko/20100101 Firefox/69.0--Mon, 21 Oct 2019 09:48:14 GMT
GET--/api/blog/detail?id=2--Mozilla/5.0 (Windows NT 6.1; Win64; x64; rv:69.0) Gecko/20100101 Firefox/69.0--Mon, 21 Oct 2019 09:48:19 GMT
GET--/api/blog/detail?id=2--Mozilla/5.0 (Windows NT 6.1; Win64; x64; rv:69.0) Gecko/20100101 Firefox/69.0--Mon, 21 Oct 2019 09:48:39 GMT
GET--/api/blog/detail?id=6--Mozilla/5.0 (Windows NT 6.1; Win64; x64) AppleWebKit/537.36 (KHTML, like Gecko) Chrome/77.0.3865.120 Safari/537.36--Mon, 21 Oct 2019 10:17:42 GMT
GET--/api/blog/detail?id=6--Mozilla/5.0 (Windows NT 6.1; Win64; x64) AppleWebKit/537.36 (KHTML, like Gecko) Chrome/77.0.3865.120 Safari/537.36--Mon, 21 Oct 2019 10:17:44 GMT
GET--/api/blog/detail?id=6--Mozilla/5.0 (Windows NT 6.1; Win64; x64) AppleWebKit/537.36 (KHTML, like Gecko) Chrome/77.0.3865.120 Safari/537.36--Mon, 21 Oct 2019 10:17:51 GMT
GET--/api/blog/detail?id=6--Mozilla/5.0 (Windows NT 6.1; Win64; x64) AppleWebKit/537.36 (KHTML, like Gecko) Chrome/77.0.3865.120 Safari/537.36--Mon, 21 Oct 2019 10:17:52 GMT
GET--/api/blog/detail?id=6--Mozilla/5.0 (Windows NT 6.1; Win64; x64) AppleWebKit/537.36 (KHTML, like Gecko) Chrome/77.0.3865.120 Safari/537.36--Mon, 21 Oct 2019 10:17:53 GMT
GET--/api/user/test-login--Mozilla/5.0 (Windows NT 6.1; Win64; x64) AppleWebKit/537.36 (KHTML, like Gecko) Chrome/77.0.3865.120 Safari/537.36--Tue, 22 Oct 2019 01:51:29 GMT
GET--/api/user/test-login--Mozilla/5.0 (Windows NT 6.1; Win64; x64) AppleWebKit/537.36 (KHTML, like Gecko) Chrome/77.0.3865.120 Safari/537.36--Tue, 22 Oct 2019 01:51:34 GMT
POST--/api/user/login--Mozilla/5.0 (Windows NT 6.1; Win64; x64) AppleWebKit/537.36 (KHTML, like Gecko) Chrome/77.0.3865.120 Safari/537.36--Tue, 22 Oct 2019 01:51:47 GMT
POST--/api/user/login--Mozilla/5.0 (Windows NT 6.1; Win64; x64) AppleWebKit/537.36 (KHTML, like Gecko) Chrome/77.0.3865.120 Safari/537.36--Tue, 22 Oct 2019 01:51:52 GMT
POST--/api/user/login--Mozilla/5.0 (Windows NT 6.1; Win64; x64) AppleWebKit/537.36 (KHTML, like Gecko) Chrome/77.0.3865.120 Safari/537.36--Tue, 22 Oct 2019 01:52:53 GMT
GET--/api/blog/list?isadmin=1--Mozilla/5.0 (Windows NT 6.1; Win64; x64) AppleWebKit/537.36 (KHTML, like Gecko) Chrome/77.0.3865.120 Safari/537.36--Tue, 22 Oct 2019 01:52:54 GMT
GET--/api/blog/list?isadmin=1--Mozilla/5.0 (Windows NT 6.1; Win64; x64) AppleWebKit/537.36 (KHTML, like Gecko) Chrome/77.0.3865.120 Safari/537.36--Tue, 22 Oct 2019 02:23:24 GMT
GET--/api/blog/list?isadmin=1--Mozilla/5.0 (Windows NT 6.1; Win64; x64) AppleWebKit/537.36 (KHTML, like Gecko) Chrome/77.0.3865.120 Safari/537.36--Tue, 22 Oct 2019 02:23:26 GMT
GET--/api/blog/list--Mozilla/5.0 (Windows NT 6.1; Win64; x64) AppleWebKit/537.36 (KHTML, like Gecko) Chrome/77.0.3865.120 Safari/537.36--Tue, 22 Oct 2019 02:23:32 GMT
GET--/api/blog/list--Mozilla/5.0 (Windows NT 6.1; Win64; x64) AppleWebKit/537.36 (KHTML, like Gecko) Chrome/77.0.3865.120 Safari/537.36--Tue, 22 Oct 2019 02:23:33 GMT
GET--/api/blog/detail?id=13--Mozilla/5.0 (Windows NT 6.1; Win64; x64) AppleWebKit/537.36 (KHTML, like Gecko) Chrome/77.0.3865.120 Safari/537.36--Tue, 22 Oct 2019 02:23:35 GMT
GET--/api/blog/detail?id=13--Mozilla/5.0 (Windows NT 6.1; Win64; x64) AppleWebKit/537.36 (KHTML, like Gecko) Chrome/77.0.3865.120 Safari/537.36--Tue, 22 Oct 2019 02:23:36 GMT
